<?xml version="1.0" encoding="UTF-8"?>
<!-- Generated by org.testng.reporters.JUnitReportReporter -->
<testsuite skipped="0" hostname="DESKTOP-JA0RI6D" name="pageAction.FaceBook" tests="1" failures="0" timestamp="28 Sep 2018 05:17:38 GMT" time="44.934" errors="0">
  <testcase name="LaunchFb" time="44.934" classname="pageAction.FaceBook"/>
</testsuite> <!-- pageAction.FaceBook -->
